14-Jan-2025 08:56:57.160 INFO [main] org.apache.catalina.core.ApplicationContext.log ContextListener: contextInitialized()
14-Jan-2025 08:56:57.160 INFO [main] org.apache.catalina.core.ApplicationContext.log SessionListener: contextInitialized()
14-Jan-2025 08:56:57.160 INFO [main] org.apache.catalina.core.ApplicationContext.log ContextListener: attributeAdded('StockTicker', 'async.Stockticker@60b71e8f')
14-Jan-2025 08:57:37.538 INFO [main] org.apache.catalina.core.ApplicationContext.log SessionListener: contextDestroyed()
14-Jan-2025 08:57:37.538 INFO [main] org.apache.catalina.core.ApplicationContext.log ContextListener: contextDestroyed()
14-Jan-2025 08:58:02.173 INFO [main] org.apache.catalina.core.ApplicationContext.log ContextListener: contextInitialized()
14-Jan-2025 08:58:02.173 INFO [main] org.apache.catalina.core.ApplicationContext.log SessionListener: contextInitialized()
14-Jan-2025 08:58:02.174 INFO [main] org.apache.catalina.core.ApplicationContext.log ContextListener: attributeAdded('StockTicker', 'async.Stockticker@94f6bfb')
14-Jan-2025 09:01:14.714 INFO [Catalina-utility-2] org.apache.catalina.core.ApplicationContext.log 2 Spring WebApplicationInitializers detected on classpath
14-Jan-2025 09:01:16.176 INFO [Catalina-utility-2] org.apache.catalina.core.ApplicationContext.log Initializing Spring embedded WebApplicationContext
14-Jan-2025 09:01:24.469 INFO [Catalina-utility-2] org.apache.catalina.core.ApplicationContext.log Initializing AtmosphereFramework
14-Jan-2025 09:01:34.604 INFO [Catalina-utility-1] org.apache.catalina.core.ApplicationContext.log Closing Spring root WebApplicationContext
14-Jan-2025 09:01:36.858 INFO [Catalina-utility-1] org.apache.catalina.core.ApplicationContext.log 2 Spring WebApplicationInitializers detected on classpath
14-Jan-2025 09:01:38.117 INFO [Catalina-utility-1] org.apache.catalina.core.ApplicationContext.log Initializing Spring embedded WebApplicationContext
14-Jan-2025 09:01:40.075 INFO [Catalina-utility-1] org.apache.catalina.core.ApplicationContext.log Initializing AtmosphereFramework
14-Jan-2025 09:01:40.102 SEVERE [Catalina-utility-1] org.apache.catalina.core.StandardContext.listenerStart Exception sending context initialized event to listener instance of class [com.vaadin.flow.spring.VaadinServletContextInitializer$CompositeServletContextListener]
	java.lang.RuntimeException: Unable to initialize com.vaadin.flow.spring.VaadinServletContextInitializer$VaadinAppShellContextListener
		at com.vaadin.flow.spring.VaadinServletContextInitializer$FailFastServletContextListener.contextInitialized(VaadinServletContextInitializer.java:201)
		at com.vaadin.flow.spring.VaadinServletContextInitializer$CompositeServletContextListener.lambda$contextInitialized$0(VaadinServletContextInitializer.java:225)
		at java.base/java.util.ArrayList.forEach(ArrayList.java:1597)
		at com.vaadin.flow.spring.VaadinServletContextInitializer$CompositeServletContextListener.contextInitialized(VaadinServletContextInitializer.java:225)
		at org.apache.catalina.core.StandardContext.listenerStart(StandardContext.java:3976)
		at org.apache.catalina.core.StandardContext.startInternal(StandardContext.java:4403)
		at org.apache.catalina.util.LifecycleBase.start(LifecycleBase.java:164)
		at org.apache.catalina.core.ContainerBase.addChild(ContainerBase.java:566)
		at org.apache.catalina.core.StandardHost.addChild(StandardHost.java:653)
		at org.apache.catalina.startup.HostConfig.deployWAR(HostConfig.java:933)
		at org.apache.catalina.startup.HostConfig$DeployWar.run(HostConfig.java:1875)
		at java.base/java.util.concurrent.Executors$RunnableAdapter.call(Executors.java:572)
		at java.base/java.util.concurrent.FutureTask.run(FutureTask.java:317)
		at org.apache.tomcat.util.threads.InlineExecutorService.execute(InlineExecutorService.java:75)
		at java.base/java.util.concurrent.AbstractExecutorService.submit(AbstractExecutorService.java:123)
		at org.apache.catalina.startup.HostConfig.deployWARs(HostConfig.java:735)
		at org.apache.catalina.startup.HostConfig.deployApps(HostConfig.java:387)
		at org.apache.catalina.startup.HostConfig.check(HostConfig.java:1642)
		at org.apache.catalina.startup.HostConfig.lifecycleEvent(HostConfig.java:263)
		at org.apache.catalina.util.LifecycleBase.fireLifecycleEvent(LifecycleBase.java:109)
		at org.apache.catalina.core.ContainerBase.backgroundProcess(ContainerBase.java:940)
		at org.apache.catalina.core.ContainerBase$ContainerBackgroundProcessor.processChildren(ContainerBase.java:1139)
		at org.apache.catalina.core.ContainerBase$ContainerBackgroundProcessor.processChildren(ContainerBase.java:1143)
		at org.apache.catalina.core.ContainerBase$ContainerBackgroundProcessor.run(ContainerBase.java:1121)
		at java.base/java.util.concurrent.Executors$RunnableAdapter.call(Executors.java:572)
		at java.base/java.util.concurrent.FutureTask.runAndReset(FutureTask.java:358)
		at java.base/java.util.concurrent.ScheduledThreadPoolExecutor$ScheduledFutureTask.run(ScheduledThreadPoolExecutor.java:305)
		at java.base/java.util.concurrent.ThreadPoolExecutor.runWorker(ThreadPoolExecutor.java:1144)
		at java.base/java.util.concurrent.ThreadPoolExecutor$Worker.run(ThreadPoolExecutor.java:642)
		at org.apache.tomcat.util.threads.TaskThread$WrappingRunnable.run(TaskThread.java:63)
		at java.base/java.lang.Thread.run(Thread.java:1570)
	Caused by: java.lang.IllegalStateException: Parent resource of [/Users/magzhansabyr/Downloads/apache-tomcat-11.0.2/webapps/jmixProject-0.0.1%C2%A0%E2%80%94%20%D0%BA%D0%BE%D0%BF%D0%B8%D1%8F/WEB-INF/classes/com/company/jmixproject/JmixProjectApplication.class] not found in the resources!
		at com.vaadin.flow.spring.VaadinServletContextInitializer$CustomResourceLoader.collectResources(VaadinServletContextInitializer.java:1024)
		at com.vaadin.flow.spring.VaadinServletContextInitializer$CustomResourceLoader.getResources(VaadinServletContextInitializer.java:960)
		at org.springframework.context.annotation.ClassPathScanningCandidateComponentProvider.scanCandidateComponents(ClassPathScanningCandidateComponentProvider.java:457)
		at org.springframework.context.annotation.ClassPathScanningCandidateComponentProvider.findCandidateComponents(ClassPathScanningCandidateComponentProvider.java:351)
		at java.base/java.util.stream.ReferencePipeline$3$1.accept(ReferencePipeline.java:212)
		at java.base/java.util.ArrayList$ArrayListSpliterator.forEachRemaining(ArrayList.java:1709)
		at java.base/java.util.stream.AbstractPipeline.copyInto(AbstractPipeline.java:556)
		at java.base/java.util.stream.AbstractPipeline.wrapAndCopyInto(AbstractPipeline.java:546)
		at java.base/java.util.stream.ReduceOps$ReduceOp.evaluateSequential(ReduceOps.java:921)
		at java.base/java.util.stream.AbstractPipeline.evaluate(AbstractPipeline.java:265)
		at java.base/java.util.stream.ReferencePipeline.collect(ReferencePipeline.java:702)
		at com.vaadin.flow.spring.VaadinServletContextInitializer$VaadinAppShellContextListener.failFastContextInitialized(VaadinServletContextInitializer.java:646)
		at com.vaadin.flow.spring.VaadinServletContextInitializer$FailFastServletContextListener.contextInitialized(VaadinServletContextInitializer.java:197)
		... 30 more
14-Jan-2025 09:01:40.103 INFO [Catalina-utility-1] org.apache.catalina.core.ApplicationContext.log Closing Spring root WebApplicationContext
14-Jan-2025 09:02:22.682 INFO [Catalina-utility-1] org.apache.catalina.core.ApplicationContext.log 2 Spring WebApplicationInitializers detected on classpath
14-Jan-2025 09:02:23.896 INFO [Catalina-utility-1] org.apache.catalina.core.ApplicationContext.log Initializing Spring embedded WebApplicationContext
14-Jan-2025 09:02:25.739 INFO [Catalina-utility-1] org.apache.catalina.core.ApplicationContext.log Initializing AtmosphereFramework
14-Jan-2025 09:02:25.763 SEVERE [Catalina-utility-1] org.apache.catalina.core.StandardContext.listenerStart Exception sending context initialized event to listener instance of class [com.vaadin.flow.spring.VaadinServletContextInitializer$CompositeServletContextListener]
	java.lang.RuntimeException: Unable to initialize com.vaadin.flow.spring.VaadinServletContextInitializer$VaadinAppShellContextListener
		at com.vaadin.flow.spring.VaadinServletContextInitializer$FailFastServletContextListener.contextInitialized(VaadinServletContextInitializer.java:201)
		at com.vaadin.flow.spring.VaadinServletContextInitializer$CompositeServletContextListener.lambda$contextInitialized$0(VaadinServletContextInitializer.java:225)
		at java.base/java.util.ArrayList.forEach(ArrayList.java:1597)
		at com.vaadin.flow.spring.VaadinServletContextInitializer$CompositeServletContextListener.contextInitialized(VaadinServletContextInitializer.java:225)
		at org.apache.catalina.core.StandardContext.listenerStart(StandardContext.java:3976)
		at org.apache.catalina.core.StandardContext.startInternal(StandardContext.java:4403)
		at org.apache.catalina.util.LifecycleBase.start(LifecycleBase.java:164)
		at org.apache.catalina.core.ContainerBase.addChild(ContainerBase.java:566)
		at org.apache.catalina.core.StandardHost.addChild(StandardHost.java:653)
		at org.apache.catalina.startup.HostConfig.deployWAR(HostConfig.java:933)
		at org.apache.catalina.startup.HostConfig$DeployWar.run(HostConfig.java:1875)
		at java.base/java.util.concurrent.Executors$RunnableAdapter.call(Executors.java:572)
		at java.base/java.util.concurrent.FutureTask.run(FutureTask.java:317)
		at org.apache.tomcat.util.threads.InlineExecutorService.execute(InlineExecutorService.java:75)
		at java.base/java.util.concurrent.AbstractExecutorService.submit(AbstractExecutorService.java:123)
		at org.apache.catalina.startup.HostConfig.deployWARs(HostConfig.java:735)
		at org.apache.catalina.startup.HostConfig.deployApps(HostConfig.java:387)
		at org.apache.catalina.startup.HostConfig.check(HostConfig.java:1642)
		at org.apache.catalina.startup.HostConfig.lifecycleEvent(HostConfig.java:263)
		at org.apache.catalina.util.LifecycleBase.fireLifecycleEvent(LifecycleBase.java:109)
		at org.apache.catalina.core.ContainerBase.backgroundProcess(ContainerBase.java:940)
		at org.apache.catalina.core.ContainerBase$ContainerBackgroundProcessor.processChildren(ContainerBase.java:1139)
		at org.apache.catalina.core.ContainerBase$ContainerBackgroundProcessor.processChildren(ContainerBase.java:1143)
		at org.apache.catalina.core.ContainerBase$ContainerBackgroundProcessor.run(ContainerBase.java:1121)
		at java.base/java.util.concurrent.Executors$RunnableAdapter.call(Executors.java:572)
		at java.base/java.util.concurrent.FutureTask.runAndReset(FutureTask.java:358)
		at java.base/java.util.concurrent.ScheduledThreadPoolExecutor$ScheduledFutureTask.run(ScheduledThreadPoolExecutor.java:305)
		at java.base/java.util.concurrent.ThreadPoolExecutor.runWorker(ThreadPoolExecutor.java:1144)
		at java.base/java.util.concurrent.ThreadPoolExecutor$Worker.run(ThreadPoolExecutor.java:642)
		at org.apache.tomcat.util.threads.TaskThread$WrappingRunnable.run(TaskThread.java:63)
		at java.base/java.lang.Thread.run(Thread.java:1570)
	Caused by: java.lang.IllegalStateException: Parent resource of [/Users/magzhansabyr/Downloads/apache-tomcat-11.0.2/webapps/jmixProject-0.0.1%C2%A0%E2%80%94%20%D0%BA%D0%BE%D0%BF%D0%B8%D1%8F/WEB-INF/classes/com/company/jmixproject/JmixProjectApplication.class] not found in the resources!
		at com.vaadin.flow.spring.VaadinServletContextInitializer$CustomResourceLoader.collectResources(VaadinServletContextInitializer.java:1024)
		at com.vaadin.flow.spring.VaadinServletContextInitializer$CustomResourceLoader.getResources(VaadinServletContextInitializer.java:960)
		at org.springframework.context.annotation.ClassPathScanningCandidateComponentProvider.scanCandidateComponents(ClassPathScanningCandidateComponentProvider.java:457)
		at org.springframework.context.annotation.ClassPathScanningCandidateComponentProvider.findCandidateComponents(ClassPathScanningCandidateComponentProvider.java:351)
		at java.base/java.util.stream.ReferencePipeline$3$1.accept(ReferencePipeline.java:212)
		at java.base/java.util.ArrayList$ArrayListSpliterator.forEachRemaining(ArrayList.java:1709)
		at java.base/java.util.stream.AbstractPipeline.copyInto(AbstractPipeline.java:556)
		at java.base/java.util.stream.AbstractPipeline.wrapAndCopyInto(AbstractPipeline.java:546)
		at java.base/java.util.stream.ReduceOps$ReduceOp.evaluateSequential(ReduceOps.java:921)
		at java.base/java.util.stream.AbstractPipeline.evaluate(AbstractPipeline.java:265)
		at java.base/java.util.stream.ReferencePipeline.collect(ReferencePipeline.java:702)
		at com.vaadin.flow.spring.VaadinServletContextInitializer$VaadinAppShellContextListener.failFastContextInitialized(VaadinServletContextInitializer.java:646)
		at com.vaadin.flow.spring.VaadinServletContextInitializer$FailFastServletContextListener.contextInitialized(VaadinServletContextInitializer.java:197)
		... 30 more
14-Jan-2025 09:02:25.764 INFO [Catalina-utility-1] org.apache.catalina.core.ApplicationContext.log Closing Spring root WebApplicationContext
14-Jan-2025 09:03:17.800 INFO [Catalina-utility-1] org.apache.catalina.core.ApplicationContext.log 2 Spring WebApplicationInitializers detected on classpath
14-Jan-2025 09:03:19.011 INFO [Catalina-utility-1] org.apache.catalina.core.ApplicationContext.log Initializing Spring embedded WebApplicationContext
14-Jan-2025 09:03:20.826 INFO [Catalina-utility-1] org.apache.catalina.core.ApplicationContext.log Initializing AtmosphereFramework
14-Jan-2025 09:03:31.419 SEVERE [Catalina-utility-1] org.apache.catalina.core.ApplicationContext.log Сервлет [springServlet] выбросил исключение unload()
	jakarta.servlet.ServletException: Servlet.destroy() для сервлета [springServlet] выбросил исключение
		at org.apache.catalina.core.StandardWrapper.unload(StandardWrapper.java:937)
		at org.apache.catalina.core.StandardWrapper.stopInternal(StandardWrapper.java:1175)
		at org.apache.catalina.util.LifecycleBase.stop(LifecycleBase.java:235)
		at org.apache.catalina.core.StandardContext.stopInternal(StandardContext.java:4617)
		at org.apache.catalina.util.LifecycleBase.stop(LifecycleBase.java:235)
		at org.apache.catalina.core.ContainerBase.removeChild(ContainerBase.java:626)
		at org.apache.catalina.startup.HostConfig.undeploy(HostConfig.java:1447)
		at org.apache.catalina.startup.HostConfig.checkResources(HostConfig.java:1376)
		at org.apache.catalina.startup.HostConfig.check(HostConfig.java:1629)
		at org.apache.catalina.startup.HostConfig.lifecycleEvent(HostConfig.java:263)
		at org.apache.catalina.util.LifecycleBase.fireLifecycleEvent(LifecycleBase.java:109)
		at org.apache.catalina.core.ContainerBase.backgroundProcess(ContainerBase.java:940)
		at org.apache.catalina.core.ContainerBase$ContainerBackgroundProcessor.processChildren(ContainerBase.java:1139)
		at org.apache.catalina.core.ContainerBase$ContainerBackgroundProcessor.processChildren(ContainerBase.java:1143)
		at org.apache.catalina.core.ContainerBase$ContainerBackgroundProcessor.run(ContainerBase.java:1121)
		at java.base/java.util.concurrent.Executors$RunnableAdapter.call(Executors.java:572)
		at java.base/java.util.concurrent.FutureTask.runAndReset(FutureTask.java:358)
		at java.base/java.util.concurrent.ScheduledThreadPoolExecutor$ScheduledFutureTask.run(ScheduledThreadPoolExecutor.java:305)
		at java.base/java.util.concurrent.ThreadPoolExecutor.runWorker(ThreadPoolExecutor.java:1144)
		at java.base/java.util.concurrent.ThreadPoolExecutor$Worker.run(ThreadPoolExecutor.java:642)
		at org.apache.tomcat.util.threads.TaskThread$WrappingRunnable.run(TaskThread.java:63)
		at java.base/java.lang.Thread.run(Thread.java:1570)
	Caused by: java.lang.IllegalStateException: java.nio.file.NoSuchFileException: /Users/magzhansabyr/Downloads/apache-tomcat-11.0.2/webapps/jmixProject-0.0.1/WEB-INF/lib/vaadin-core-24.4.20.jar
		at org.apache.catalina.webresources.AbstractSingleArchiveResourceSet.getArchiveEntry(AbstractSingleArchiveResourceSet.java:99)
		at org.apache.catalina.webresources.AbstractArchiveResourceSet.getResource(AbstractArchiveResourceSet.java:250)
		at org.apache.catalina.webresources.StandardRoot.getResourceInternal(StandardRoot.java:272)
		at org.apache.catalina.webresources.Cache.getResource(Cache.java:64)
		at org.apache.catalina.webresources.StandardRoot.getResource(StandardRoot.java:211)
		at org.apache.catalina.webresources.StandardRoot.getClassLoaderResource(StandardRoot.java:220)
		at org.apache.catalina.loader.WebappClassLoaderBase.findClassInternal(WebappClassLoaderBase.java:2060)
		at org.apache.catalina.loader.WebappClassLoaderBase.findClass(WebappClassLoaderBase.java:695)
		at org.apache.catalina.loader.WebappClassLoaderBase.loadClass(WebappClassLoaderBase.java:1183)
		at org.apache.catalina.loader.WebappClassLoaderBase.loadClass(WebappClassLoaderBase.java:1053)
		at org.atmosphere.cpr.AtmosphereFramework.destroy(AtmosphereFramework.java:1819)
		at com.vaadin.flow.server.communication.PushRequestHandler.destroy(PushRequestHandler.java:311)
		at com.vaadin.flow.server.communication.PushRequestHandler.lambda$new$31087998$1(PushRequestHandler.java:84)
		at com.vaadin.flow.server.VaadinService.lambda$destroy$10(VaadinService.java:2152)
		at java.base/java.util.concurrent.ConcurrentHashMap$KeySetView.forEach(ConcurrentHashMap.java:4711)
		at java.base/java.util.Collections$SetFromMap.forEach(Collections.java:5945)
		at com.vaadin.flow.server.VaadinService.destroy(VaadinService.java:2152)
		at com.vaadin.flow.server.VaadinServlet.destroy(VaadinServlet.java:627)
		at org.apache.catalina.core.StandardWrapper.unload(StandardWrapper.java:931)
		... 21 more
	Caused by: java.nio.file.NoSuchFileException: /Users/magzhansabyr/Downloads/apache-tomcat-11.0.2/webapps/jmixProject-0.0.1/WEB-INF/lib/vaadin-core-24.4.20.jar
		at java.base/sun.nio.fs.UnixException.translateToIOException(UnixException.java:92)
		at java.base/sun.nio.fs.UnixException.rethrowAsIOException(UnixException.java:106)
		at java.base/sun.nio.fs.UnixException.rethrowAsIOException(UnixException.java:111)
		at java.base/sun.nio.fs.UnixFileAttributeViews$Basic.readAttributes(UnixFileAttributeViews.java:56)
		at java.base/sun.nio.fs.UnixFileSystemProvider.readAttributes(UnixFileSystemProvider.java:171)
		at java.base/java.nio.file.Files.readAttributes(Files.java:1858)
		at java.base/java.util.zip.ZipFile$Source.get(ZipFile.java:1491)
		at java.base/java.util.zip.ZipFile$CleanableResource.<init>(ZipFile.java:724)
		at java.base/java.util.zip.ZipFile.<init>(ZipFile.java:251)
		at java.base/java.util.zip.ZipFile.<init>(ZipFile.java:180)
		at java.base/java.util.jar.JarFile.<init>(JarFile.java:345)
		at org.apache.catalina.webresources.AbstractArchiveResourceSet.openJarFile(AbstractArchiveResourceSet.java:299)
		at org.apache.catalina.webresources.AbstractSingleArchiveResourceSet.getArchiveEntry(AbstractSingleArchiveResourceSet.java:95)
		... 39 more
14-Jan-2025 09:03:31.419 INFO [Catalina-utility-1] org.apache.catalina.core.ApplicationContext.log Closing Spring root WebApplicationContext
14-Jan-2025 09:03:31.449 SEVERE [Catalina-utility-1] org.apache.catalina.core.StandardContext.listenerStop Exception sending context destroyed event to listener instance of class [org.springframework.boot.web.servlet.support.SpringBootServletInitializer$SpringBootContextLoaderListener]
	java.lang.IllegalStateException: java.nio.file.NoSuchFileException: /Users/magzhansabyr/Downloads/apache-tomcat-11.0.2/webapps/jmixProject-0.0.1/WEB-INF/lib/vaadin-core-24.4.20.jar
		at org.apache.catalina.webresources.AbstractSingleArchiveResourceSet.getArchiveEntry(AbstractSingleArchiveResourceSet.java:99)
		at org.apache.catalina.webresources.AbstractArchiveResourceSet.getResource(AbstractArchiveResourceSet.java:250)
		at org.apache.catalina.webresources.StandardRoot.getResourceInternal(StandardRoot.java:272)
		at org.apache.catalina.webresources.Cache.getResource(Cache.java:64)
		at org.apache.catalina.webresources.StandardRoot.getResource(StandardRoot.java:211)
		at org.apache.catalina.webresources.StandardRoot.getClassLoaderResource(StandardRoot.java:220)
		at org.apache.catalina.loader.WebappClassLoaderBase.findClassInternal(WebappClassLoaderBase.java:2060)
		at org.apache.catalina.loader.WebappClassLoaderBase.findClass(WebappClassLoaderBase.java:695)
		at org.apache.catalina.loader.WebappClassLoaderBase.loadClass(WebappClassLoaderBase.java:1183)
		at org.apache.catalina.loader.WebappClassLoaderBase.loadClass(WebappClassLoaderBase.java:1053)
		at org.springframework.web.context.ContextLoaderListener.contextDestroyed(ContextLoaderListener.java:112)
		at org.springframework.boot.web.servlet.support.SpringBootServletInitializer$SpringBootContextLoaderListener.contextDestroyed(SpringBootServletInitializer.java:246)
		at org.apache.catalina.core.StandardContext.listenerStop(StandardContext.java:4022)
		at org.apache.catalina.core.StandardContext.stopInternal(StandardContext.java:4629)
		at org.apache.catalina.util.LifecycleBase.stop(LifecycleBase.java:235)
		at org.apache.catalina.core.ContainerBase.removeChild(ContainerBase.java:626)
		at org.apache.catalina.startup.HostConfig.undeploy(HostConfig.java:1447)
		at org.apache.catalina.startup.HostConfig.checkResources(HostConfig.java:1376)
		at org.apache.catalina.startup.HostConfig.check(HostConfig.java:1629)
		at org.apache.catalina.startup.HostConfig.lifecycleEvent(HostConfig.java:263)
		at org.apache.catalina.util.LifecycleBase.fireLifecycleEvent(LifecycleBase.java:109)
		at org.apache.catalina.core.ContainerBase.backgroundProcess(ContainerBase.java:940)
		at org.apache.catalina.core.ContainerBase$ContainerBackgroundProcessor.processChildren(ContainerBase.java:1139)
		at org.apache.catalina.core.ContainerBase$ContainerBackgroundProcessor.processChildren(ContainerBase.java:1143)
		at org.apache.catalina.core.ContainerBase$ContainerBackgroundProcessor.run(ContainerBase.java:1121)
		at java.base/java.util.concurrent.Executors$RunnableAdapter.call(Executors.java:572)
		at java.base/java.util.concurrent.FutureTask.runAndReset(FutureTask.java:358)
		at java.base/java.util.concurrent.ScheduledThreadPoolExecutor$ScheduledFutureTask.run(ScheduledThreadPoolExecutor.java:305)
		at java.base/java.util.concurrent.ThreadPoolExecutor.runWorker(ThreadPoolExecutor.java:1144)
		at java.base/java.util.concurrent.ThreadPoolExecutor$Worker.run(ThreadPoolExecutor.java:642)
		at org.apache.tomcat.util.threads.TaskThread$WrappingRunnable.run(TaskThread.java:63)
		at java.base/java.lang.Thread.run(Thread.java:1570)
	Caused by: java.nio.file.NoSuchFileException: /Users/magzhansabyr/Downloads/apache-tomcat-11.0.2/webapps/jmixProject-0.0.1/WEB-INF/lib/vaadin-core-24.4.20.jar
		at java.base/sun.nio.fs.UnixException.translateToIOException(UnixException.java:92)
		at java.base/sun.nio.fs.UnixException.rethrowAsIOException(UnixException.java:106)
		at java.base/sun.nio.fs.UnixException.rethrowAsIOException(UnixException.java:111)
		at java.base/sun.nio.fs.UnixFileAttributeViews$Basic.readAttributes(UnixFileAttributeViews.java:56)
		at java.base/sun.nio.fs.UnixFileSystemProvider.readAttributes(UnixFileSystemProvider.java:171)
		at java.base/java.nio.file.Files.readAttributes(Files.java:1858)
		at java.base/java.util.zip.ZipFile$Source.get(ZipFile.java:1491)
		at java.base/java.util.zip.ZipFile$CleanableResource.<init>(ZipFile.java:724)
		at java.base/java.util.zip.ZipFile.<init>(ZipFile.java:251)
		at java.base/java.util.zip.ZipFile.<init>(ZipFile.java:180)
		at java.base/java.util.jar.JarFile.<init>(JarFile.java:345)
		at org.apache.catalina.webresources.AbstractArchiveResourceSet.openJarFile(AbstractArchiveResourceSet.java:299)
		at org.apache.catalina.webresources.AbstractSingleArchiveResourceSet.getArchiveEntry(AbstractSingleArchiveResourceSet.java:95)
		... 31 more
14-Jan-2025 09:03:33.467 INFO [Catalina-utility-1] org.apache.catalina.core.ApplicationContext.log 2 Spring WebApplicationInitializers detected on classpath
14-Jan-2025 09:03:34.669 INFO [Catalina-utility-1] org.apache.catalina.core.ApplicationContext.log Initializing Spring embedded WebApplicationContext
14-Jan-2025 09:03:36.581 INFO [Catalina-utility-1] org.apache.catalina.core.ApplicationContext.log Initializing AtmosphereFramework
14-Jan-2025 09:04:22.548 INFO [http-nio-8080-exec-38] org.apache.catalina.core.ApplicationContext.log Initializing Spring DispatcherServlet 'dispatcherServlet'
14-Jan-2025 09:10:26.991 INFO [Catalina-utility-1] org.apache.catalina.core.ApplicationContext.log Destroying Spring FrameworkServlet 'dispatcherServlet'
14-Jan-2025 09:10:26.999 INFO [Catalina-utility-1] org.apache.catalina.core.ApplicationContext.log Closing Spring root WebApplicationContext
14-Jan-2025 09:10:27.031 SEVERE [Catalina-utility-1] org.apache.catalina.core.StandardContext.listenerStop Exception sending context destroyed event to listener instance of class [org.springframework.boot.web.servlet.support.SpringBootServletInitializer$SpringBootContextLoaderListener]
	java.lang.IllegalStateException: java.nio.file.NoSuchFileException: /Users/magzhansabyr/Downloads/apache-tomcat-11.0.2/webapps/jmixProject-0.0.1/WEB-INF/lib/vaadin-core-24.4.20.jar
		at org.apache.catalina.webresources.AbstractSingleArchiveResourceSet.getArchiveEntry(AbstractSingleArchiveResourceSet.java:99)
		at org.apache.catalina.webresources.AbstractArchiveResourceSet.getResource(AbstractArchiveResourceSet.java:250)
		at org.apache.catalina.webresources.StandardRoot.getResourceInternal(StandardRoot.java:272)
		at org.apache.catalina.webresources.Cache.getResource(Cache.java:64)
		at org.apache.catalina.webresources.StandardRoot.getResource(StandardRoot.java:211)
		at org.apache.catalina.webresources.StandardRoot.getClassLoaderResource(StandardRoot.java:220)
		at org.apache.catalina.loader.WebappClassLoaderBase.findClassInternal(WebappClassLoaderBase.java:2060)
		at org.apache.catalina.loader.WebappClassLoaderBase.findClass(WebappClassLoaderBase.java:695)
		at org.apache.catalina.loader.WebappClassLoaderBase.loadClass(WebappClassLoaderBase.java:1183)
		at org.apache.catalina.loader.WebappClassLoaderBase.loadClass(WebappClassLoaderBase.java:1053)
		at org.springframework.web.context.ContextLoaderListener.contextDestroyed(ContextLoaderListener.java:112)
		at org.springframework.boot.web.servlet.support.SpringBootServletInitializer$SpringBootContextLoaderListener.contextDestroyed(SpringBootServletInitializer.java:246)
		at org.apache.catalina.core.StandardContext.listenerStop(StandardContext.java:4022)
		at org.apache.catalina.core.StandardContext.stopInternal(StandardContext.java:4629)
		at org.apache.catalina.util.LifecycleBase.stop(LifecycleBase.java:235)
		at org.apache.catalina.core.ContainerBase.removeChild(ContainerBase.java:626)
		at org.apache.catalina.startup.HostConfig.undeploy(HostConfig.java:1447)
		at org.apache.catalina.startup.HostConfig.checkResources(HostConfig.java:1376)
		at org.apache.catalina.startup.HostConfig.check(HostConfig.java:1629)
		at org.apache.catalina.startup.HostConfig.lifecycleEvent(HostConfig.java:263)
		at org.apache.catalina.util.LifecycleBase.fireLifecycleEvent(LifecycleBase.java:109)
		at org.apache.catalina.core.ContainerBase.backgroundProcess(ContainerBase.java:940)
		at org.apache.catalina.core.ContainerBase$ContainerBackgroundProcessor.processChildren(ContainerBase.java:1139)
		at org.apache.catalina.core.ContainerBase$ContainerBackgroundProcessor.processChildren(ContainerBase.java:1143)
		at org.apache.catalina.core.ContainerBase$ContainerBackgroundProcessor.run(ContainerBase.java:1121)
		at java.base/java.util.concurrent.Executors$RunnableAdapter.call(Executors.java:572)
		at java.base/java.util.concurrent.FutureTask.runAndReset(FutureTask.java:358)
		at java.base/java.util.concurrent.ScheduledThreadPoolExecutor$ScheduledFutureTask.run(ScheduledThreadPoolExecutor.java:305)
		at java.base/java.util.concurrent.ThreadPoolExecutor.runWorker(ThreadPoolExecutor.java:1144)
		at java.base/java.util.concurrent.ThreadPoolExecutor$Worker.run(ThreadPoolExecutor.java:642)
		at org.apache.tomcat.util.threads.TaskThread$WrappingRunnable.run(TaskThread.java:63)
		at java.base/java.lang.Thread.run(Thread.java:1570)
	Caused by: java.nio.file.NoSuchFileException: /Users/magzhansabyr/Downloads/apache-tomcat-11.0.2/webapps/jmixProject-0.0.1/WEB-INF/lib/vaadin-core-24.4.20.jar
		at java.base/sun.nio.fs.UnixException.translateToIOException(UnixException.java:92)
		at java.base/sun.nio.fs.UnixException.rethrowAsIOException(UnixException.java:106)
		at java.base/sun.nio.fs.UnixException.rethrowAsIOException(UnixException.java:111)
		at java.base/sun.nio.fs.UnixFileAttributeViews$Basic.readAttributes(UnixFileAttributeViews.java:56)
		at java.base/sun.nio.fs.UnixFileSystemProvider.readAttributes(UnixFileSystemProvider.java:171)
		at java.base/java.nio.file.Files.readAttributes(Files.java:1858)
		at java.base/java.util.zip.ZipFile$Source.get(ZipFile.java:1491)
		at java.base/java.util.zip.ZipFile$CleanableResource.<init>(ZipFile.java:724)
		at java.base/java.util.zip.ZipFile.<init>(ZipFile.java:251)
		at java.base/java.util.zip.ZipFile.<init>(ZipFile.java:180)
		at java.base/java.util.jar.JarFile.<init>(JarFile.java:345)
		at org.apache.catalina.webresources.AbstractArchiveResourceSet.openJarFile(AbstractArchiveResourceSet.java:299)
		at org.apache.catalina.webresources.AbstractSingleArchiveResourceSet.getArchiveEntry(AbstractSingleArchiveResourceSet.java:95)
		... 31 more
14-Jan-2025 09:10:39.205 INFO [Catalina-utility-2] org.apache.catalina.core.ApplicationContext.log 2 Spring WebApplicationInitializers detected on classpath
14-Jan-2025 09:10:40.432 INFO [Catalina-utility-2] org.apache.catalina.core.ApplicationContext.log Initializing Spring embedded WebApplicationContext
14-Jan-2025 09:10:42.442 INFO [Catalina-utility-2] org.apache.catalina.core.ApplicationContext.log Initializing AtmosphereFramework
14-Jan-2025 09:10:44.917 INFO [http-nio-8080-exec-46] org.apache.catalina.core.ApplicationContext.log Initializing Spring DispatcherServlet 'dispatcherServlet'
14-Jan-2025 09:14:12.702 INFO [Catalina-utility-1] org.apache.catalina.core.ApplicationContext.log Destroying Spring FrameworkServlet 'dispatcherServlet'
14-Jan-2025 09:14:12.711 INFO [Catalina-utility-1] org.apache.catalina.core.ApplicationContext.log Closing Spring root WebApplicationContext
14-Jan-2025 09:14:12.744 SEVERE [Catalina-utility-1] org.apache.catalina.core.StandardContext.listenerStop Exception sending context destroyed event to listener instance of class [org.springframework.boot.web.servlet.support.SpringBootServletInitializer$SpringBootContextLoaderListener]
	java.lang.IllegalStateException: java.nio.file.NoSuchFileException: /Users/magzhansabyr/Downloads/apache-tomcat-11.0.2/webapps/jmixProject-0.0.1/WEB-INF/lib/vaadin-core-24.4.20.jar
		at org.apache.catalina.webresources.AbstractSingleArchiveResourceSet.getArchiveEntry(AbstractSingleArchiveResourceSet.java:99)
		at org.apache.catalina.webresources.AbstractArchiveResourceSet.getResource(AbstractArchiveResourceSet.java:250)
		at org.apache.catalina.webresources.StandardRoot.getResourceInternal(StandardRoot.java:272)
		at org.apache.catalina.webresources.Cache.getResource(Cache.java:64)
		at org.apache.catalina.webresources.StandardRoot.getResource(StandardRoot.java:211)
		at org.apache.catalina.webresources.StandardRoot.getClassLoaderResource(StandardRoot.java:220)
		at org.apache.catalina.loader.WebappClassLoaderBase.findClassInternal(WebappClassLoaderBase.java:2060)
		at org.apache.catalina.loader.WebappClassLoaderBase.findClass(WebappClassLoaderBase.java:695)
		at org.apache.catalina.loader.WebappClassLoaderBase.loadClass(WebappClassLoaderBase.java:1183)
		at org.apache.catalina.loader.WebappClassLoaderBase.loadClass(WebappClassLoaderBase.java:1053)
		at org.springframework.web.context.ContextLoaderListener.contextDestroyed(ContextLoaderListener.java:112)
		at org.springframework.boot.web.servlet.support.SpringBootServletInitializer$SpringBootContextLoaderListener.contextDestroyed(SpringBootServletInitializer.java:246)
		at org.apache.catalina.core.StandardContext.listenerStop(StandardContext.java:4022)
		at org.apache.catalina.core.StandardContext.stopInternal(StandardContext.java:4629)
		at org.apache.catalina.util.LifecycleBase.stop(LifecycleBase.java:235)
		at org.apache.catalina.core.ContainerBase.removeChild(ContainerBase.java:626)
		at org.apache.catalina.startup.HostConfig.undeploy(HostConfig.java:1447)
		at org.apache.catalina.startup.HostConfig.checkResources(HostConfig.java:1376)
		at org.apache.catalina.startup.HostConfig.check(HostConfig.java:1629)
		at org.apache.catalina.startup.HostConfig.lifecycleEvent(HostConfig.java:263)
		at org.apache.catalina.util.LifecycleBase.fireLifecycleEvent(LifecycleBase.java:109)
		at org.apache.catalina.core.ContainerBase.backgroundProcess(ContainerBase.java:940)
		at org.apache.catalina.core.ContainerBase$ContainerBackgroundProcessor.processChildren(ContainerBase.java:1139)
		at org.apache.catalina.core.ContainerBase$ContainerBackgroundProcessor.processChildren(ContainerBase.java:1143)
		at org.apache.catalina.core.ContainerBase$ContainerBackgroundProcessor.run(ContainerBase.java:1121)
		at java.base/java.util.concurrent.Executors$RunnableAdapter.call(Executors.java:572)
		at java.base/java.util.concurrent.FutureTask.runAndReset(FutureTask.java:358)
		at java.base/java.util.concurrent.ScheduledThreadPoolExecutor$ScheduledFutureTask.run(ScheduledThreadPoolExecutor.java:305)
		at java.base/java.util.concurrent.ThreadPoolExecutor.runWorker(ThreadPoolExecutor.java:1144)
		at java.base/java.util.concurrent.ThreadPoolExecutor$Worker.run(ThreadPoolExecutor.java:642)
		at org.apache.tomcat.util.threads.TaskThread$WrappingRunnable.run(TaskThread.java:63)
		at java.base/java.lang.Thread.run(Thread.java:1570)
	Caused by: java.nio.file.NoSuchFileException: /Users/magzhansabyr/Downloads/apache-tomcat-11.0.2/webapps/jmixProject-0.0.1/WEB-INF/lib/vaadin-core-24.4.20.jar
		at java.base/sun.nio.fs.UnixException.translateToIOException(UnixException.java:92)
		at java.base/sun.nio.fs.UnixException.rethrowAsIOException(UnixException.java:106)
		at java.base/sun.nio.fs.UnixException.rethrowAsIOException(UnixException.java:111)
		at java.base/sun.nio.fs.UnixFileAttributeViews$Basic.readAttributes(UnixFileAttributeViews.java:56)
		at java.base/sun.nio.fs.UnixFileSystemProvider.readAttributes(UnixFileSystemProvider.java:171)
		at java.base/java.nio.file.Files.readAttributes(Files.java:1858)
		at java.base/java.util.zip.ZipFile$Source.get(ZipFile.java:1491)
		at java.base/java.util.zip.ZipFile$CleanableResource.<init>(ZipFile.java:724)
		at java.base/java.util.zip.ZipFile.<init>(ZipFile.java:251)
		at java.base/java.util.zip.ZipFile.<init>(ZipFile.java:180)
		at java.base/java.util.jar.JarFile.<init>(JarFile.java:345)
		at org.apache.catalina.webresources.AbstractArchiveResourceSet.openJarFile(AbstractArchiveResourceSet.java:299)
		at org.apache.catalina.webresources.AbstractSingleArchiveResourceSet.getArchiveEntry(AbstractSingleArchiveResourceSet.java:95)
		... 31 more
14-Jan-2025 09:14:34.858 INFO [Catalina-utility-2] org.apache.catalina.core.ApplicationContext.log 2 Spring WebApplicationInitializers detected on classpath
14-Jan-2025 09:14:36.132 INFO [Catalina-utility-2] org.apache.catalina.core.ApplicationContext.log Initializing Spring embedded WebApplicationContext
14-Jan-2025 09:14:38.092 INFO [Catalina-utility-2] org.apache.catalina.core.ApplicationContext.log Initializing AtmosphereFramework
14-Jan-2025 09:16:05.030 INFO [http-nio-8080-exec-61] org.apache.catalina.core.ApplicationContext.log Initializing Spring DispatcherServlet 'dispatcherServlet'
14-Jan-2025 09:55:26.814 INFO [Catalina-utility-2] org.apache.catalina.core.ApplicationContext.log Destroying Spring FrameworkServlet 'dispatcherServlet'
14-Jan-2025 09:55:26.830 INFO [Catalina-utility-2] org.apache.catalina.core.ApplicationContext.log Closing Spring root WebApplicationContext
14-Jan-2025 09:55:26.857 SEVERE [Catalina-utility-2] org.apache.catalina.core.StandardContext.listenerStop Exception sending context destroyed event to listener instance of class [org.springframework.boot.web.servlet.support.SpringBootServletInitializer$SpringBootContextLoaderListener]
	java.lang.IllegalStateException: java.nio.file.NoSuchFileException: /Users/magzhansabyr/Downloads/apache-tomcat-11.0.2/webapps/jmixProject-0.0.1/WEB-INF/lib/vaadin-core-24.4.20.jar
		at org.apache.catalina.webresources.AbstractSingleArchiveResourceSet.getArchiveEntry(AbstractSingleArchiveResourceSet.java:99)
		at org.apache.catalina.webresources.AbstractArchiveResourceSet.getResource(AbstractArchiveResourceSet.java:250)
		at org.apache.catalina.webresources.StandardRoot.getResourceInternal(StandardRoot.java:272)
		at org.apache.catalina.webresources.Cache.getResource(Cache.java:64)
		at org.apache.catalina.webresources.StandardRoot.getResource(StandardRoot.java:211)
		at org.apache.catalina.webresources.StandardRoot.getClassLoaderResource(StandardRoot.java:220)
		at org.apache.catalina.loader.WebappClassLoaderBase.findClassInternal(WebappClassLoaderBase.java:2060)
		at org.apache.catalina.loader.WebappClassLoaderBase.findClass(WebappClassLoaderBase.java:695)
		at org.apache.catalina.loader.WebappClassLoaderBase.loadClass(WebappClassLoaderBase.java:1183)
		at org.apache.catalina.loader.WebappClassLoaderBase.loadClass(WebappClassLoaderBase.java:1053)
		at org.springframework.web.context.ContextLoaderListener.contextDestroyed(ContextLoaderListener.java:112)
		at org.springframework.boot.web.servlet.support.SpringBootServletInitializer$SpringBootContextLoaderListener.contextDestroyed(SpringBootServletInitializer.java:246)
		at org.apache.catalina.core.StandardContext.listenerStop(StandardContext.java:4022)
		at org.apache.catalina.core.StandardContext.stopInternal(StandardContext.java:4629)
		at org.apache.catalina.util.LifecycleBase.stop(LifecycleBase.java:235)
		at org.apache.catalina.core.ContainerBase.removeChild(ContainerBase.java:626)
		at org.apache.catalina.startup.HostConfig.undeploy(HostConfig.java:1447)
		at org.apache.catalina.startup.HostConfig.checkResources(HostConfig.java:1356)
		at org.apache.catalina.startup.HostConfig.check(HostConfig.java:1629)
		at org.apache.catalina.startup.HostConfig.lifecycleEvent(HostConfig.java:263)
		at org.apache.catalina.util.LifecycleBase.fireLifecycleEvent(LifecycleBase.java:109)
		at org.apache.catalina.core.ContainerBase.backgroundProcess(ContainerBase.java:940)
		at org.apache.catalina.core.ContainerBase$ContainerBackgroundProcessor.processChildren(ContainerBase.java:1139)
		at org.apache.catalina.core.ContainerBase$ContainerBackgroundProcessor.processChildren(ContainerBase.java:1143)
		at org.apache.catalina.core.ContainerBase$ContainerBackgroundProcessor.run(ContainerBase.java:1121)
		at java.base/java.util.concurrent.Executors$RunnableAdapter.call(Executors.java:572)
		at java.base/java.util.concurrent.FutureTask.runAndReset(FutureTask.java:358)
		at java.base/java.util.concurrent.ScheduledThreadPoolExecutor$ScheduledFutureTask.run(ScheduledThreadPoolExecutor.java:305)
		at java.base/java.util.concurrent.ThreadPoolExecutor.runWorker(ThreadPoolExecutor.java:1144)
		at java.base/java.util.concurrent.ThreadPoolExecutor$Worker.run(ThreadPoolExecutor.java:642)
		at org.apache.tomcat.util.threads.TaskThread$WrappingRunnable.run(TaskThread.java:63)
		at java.base/java.lang.Thread.run(Thread.java:1570)
	Caused by: java.nio.file.NoSuchFileException: /Users/magzhansabyr/Downloads/apache-tomcat-11.0.2/webapps/jmixProject-0.0.1/WEB-INF/lib/vaadin-core-24.4.20.jar
		at java.base/sun.nio.fs.UnixException.translateToIOException(UnixException.java:92)
		at java.base/sun.nio.fs.UnixException.rethrowAsIOException(UnixException.java:106)
		at java.base/sun.nio.fs.UnixException.rethrowAsIOException(UnixException.java:111)
		at java.base/sun.nio.fs.UnixFileAttributeViews$Basic.readAttributes(UnixFileAttributeViews.java:56)
		at java.base/sun.nio.fs.UnixFileSystemProvider.readAttributes(UnixFileSystemProvider.java:171)
		at java.base/java.nio.file.Files.readAttributes(Files.java:1858)
		at java.base/java.util.zip.ZipFile$Source.get(ZipFile.java:1491)
		at java.base/java.util.zip.ZipFile$CleanableResource.<init>(ZipFile.java:724)
		at java.base/java.util.zip.ZipFile.<init>(ZipFile.java:251)
		at java.base/java.util.zip.ZipFile.<init>(ZipFile.java:180)
		at java.base/java.util.jar.JarFile.<init>(JarFile.java:345)
		at org.apache.catalina.webresources.AbstractArchiveResourceSet.openJarFile(AbstractArchiveResourceSet.java:299)
		at org.apache.catalina.webresources.AbstractSingleArchiveResourceSet.getArchiveEntry(AbstractSingleArchiveResourceSet.java:95)
		... 31 more
14-Jan-2025 09:55:28.909 INFO [Catalina-utility-2] org.apache.catalina.core.ApplicationContext.log 2 Spring WebApplicationInitializers detected on classpath
14-Jan-2025 09:55:30.191 INFO [Catalina-utility-2] org.apache.catalina.core.ApplicationContext.log Initializing Spring embedded WebApplicationContext
14-Jan-2025 09:55:32.312 INFO [Catalina-utility-2] org.apache.catalina.core.ApplicationContext.log Initializing AtmosphereFramework
14-Jan-2025 09:55:36.893 INFO [http-nio-8080-exec-56] org.apache.catalina.core.ApplicationContext.log Initializing Spring DispatcherServlet 'dispatcherServlet'
14-Jan-2025 09:59:52.597 INFO [Catalina-utility-1] org.apache.catalina.core.ApplicationContext.log Destroying Spring FrameworkServlet 'dispatcherServlet'
14-Jan-2025 09:59:52.623 INFO [Catalina-utility-1] org.apache.catalina.core.ApplicationContext.log Closing Spring root WebApplicationContext
14-Jan-2025 10:16:05.433 INFO [Catalina-utility-2] org.apache.catalina.core.ApplicationContext.log 2 Spring WebApplicationInitializers detected on classpath
14-Jan-2025 10:16:06.851 INFO [Catalina-utility-2] org.apache.catalina.core.ApplicationContext.log Initializing Spring embedded WebApplicationContext
14-Jan-2025 10:19:04.039 INFO [main] org.apache.catalina.core.ApplicationContext.log 2 Spring WebApplicationInitializers detected on classpath
14-Jan-2025 10:19:05.391 INFO [main] org.apache.catalina.core.ApplicationContext.log Initializing Spring embedded WebApplicationContext
14-Jan-2025 10:19:10.121 INFO [main] org.apache.catalina.core.ApplicationContext.log Initializing AtmosphereFramework
14-Jan-2025 10:19:10.284 INFO [main] org.apache.catalina.core.ApplicationContext.log ContextListener: contextInitialized()
14-Jan-2025 10:19:10.284 INFO [main] org.apache.catalina.core.ApplicationContext.log SessionListener: contextInitialized()
14-Jan-2025 10:19:10.284 INFO [main] org.apache.catalina.core.ApplicationContext.log ContextListener: attributeAdded('StockTicker', 'async.Stockticker@65a1a0f5')
14-Jan-2025 10:19:10.300 INFO [main] org.apache.catalina.core.ApplicationContext.log SessionListener: contextDestroyed()
14-Jan-2025 10:19:10.300 INFO [main] org.apache.catalina.core.ApplicationContext.log ContextListener: contextDestroyed()
14-Jan-2025 10:19:10.305 INFO [main] org.apache.catalina.core.ApplicationContext.log Closing Spring root WebApplicationContext
14-Jan-2025 10:19:40.630 INFO [main] org.apache.catalina.core.ApplicationContext.log SessionListener: contextDestroyed()
14-Jan-2025 10:19:40.630 INFO [main] org.apache.catalina.core.ApplicationContext.log ContextListener: contextDestroyed()
14-Jan-2025 10:20:05.544 INFO [main] org.apache.catalina.core.ApplicationContext.log 2 Spring WebApplicationInitializers detected on classpath
14-Jan-2025 10:20:06.982 INFO [main] org.apache.catalina.core.ApplicationContext.log Initializing Spring embedded WebApplicationContext
14-Jan-2025 10:20:09.390 INFO [main] org.apache.catalina.core.ApplicationContext.log Initializing AtmosphereFramework
14-Jan-2025 10:20:09.582 INFO [main] org.apache.catalina.core.ApplicationContext.log ContextListener: contextInitialized()
14-Jan-2025 10:20:09.582 INFO [main] org.apache.catalina.core.ApplicationContext.log SessionListener: contextInitialized()
14-Jan-2025 10:20:09.582 INFO [main] org.apache.catalina.core.ApplicationContext.log ContextListener: attributeAdded('StockTicker', 'async.Stockticker@2b7b9a11')
14-Jan-2025 10:20:13.638 INFO [http-nio-8080-exec-6] org.apache.catalina.core.ApplicationContext.log Initializing Spring DispatcherServlet 'dispatcherServlet'
14-Jan-2025 11:15:10.167 INFO [Thread-3] org.apache.catalina.core.ApplicationContext.log SessionListener: contextDestroyed()
14-Jan-2025 11:15:10.167 INFO [Thread-3] org.apache.catalina.core.ApplicationContext.log ContextListener: contextDestroyed()
14-Jan-2025 11:15:10.185 INFO [Thread-3] org.apache.catalina.core.ApplicationContext.log Destroying Spring FrameworkServlet 'dispatcherServlet'
14-Jan-2025 11:15:10.204 INFO [Thread-3] org.apache.catalina.core.ApplicationContext.log Closing Spring root WebApplicationContext
